#
# A fatal error has been detected by the Java Runtime Environment:
#
#  EXCEPTION_ACCESS_VIOLATION (0xc0000005) at pc=0x000000005f1c227e, pid=5136, tid=0x000000000000224c
#
# JRE version: Java(TM) SE Runtime Environment (8.0_261-b12) (build 1.8.0_261-b12)
# Java VM: Java HotSpot(TM) 64-Bit Server VM (25.261-b12 mixed mode windows-amd64 compressed oops)
# Problematic frame:
# V  [jvm.dll+0x14227e]
#
# Failed to write core dump. Minidumps are not enabled by default on client versions of Windows
#
# If you would like to submit a bug report, please visit:
#   http://bugreport.java.com/bugreport/crash.jsp
#

---------------  T H R E A D  ---------------

Current thread (0x000001f15a316800):  JavaThread "*** Profiler Agent Communication Thread" daemon [_thread_in_vm, id=8780, stack(0x000000a2c6100000,0x000000a2c6200000)]

siginfo: ExceptionCode=0xc0000005, reading address 0x00000000436eba20

Registers:
RAX=0x000000a2c61ff101, RBX=0x000001f15a316800, RCX=0x00000000436eba20, RDX=0x000001f15a316800
RSP=0x000000a2c61ff130, RBP=0x00000000436eba20, RSI=0x000001f1436c1620, RDI=0x000000a2c61ff250
R8 =0x000000a2c61ff250, R9 =0x00000000436eba20, R10=0x0000000000000000, R11=0x000000a2c61ff150
R12=0x000001f16379c3c0, R13=0x0000000000000028, R14=0x00007ffd38fb9c68, R15=0x00007ffd38fb9a60
RIP=0x000000005f1c227e, EFLAGS=0x0000000000010202

Top of Stack: (sp=0x000000a2c61ff130)
0x000000a2c61ff130:   000000a2c61ff200 000000005f1ecae3
0x000000a2c61ff140:   000001f159337850 000001f15a316800
0x000000a2c61ff150:   000001f15a316800 000000005f3cbd1d
0x000000a2c61ff160:   0000000000000028 000001f15a316800
0x000000a2c61ff170:   000001f15a3169f8 00007ffd3de49da0
0x000000a2c61ff180:   000001f15a316800 0000000000000000
0x000000a2c61ff190:   000001f100000000 0000000000000000
0x000000a2c61ff1a0:   00000000436eba20 00007ffd38fb34da
0x000000a2c61ff1b0:   0000000000000000 000001f15a3169f8
0x000000a2c61ff1c0:   000001f1591b1398 0000000000000039
0x000000a2c61ff1d0:   000001f16379c3c0 000001f15a2b0180
0x000000a2c61ff1e0:   000001f159337850 000001f15a316800
0x000000a2c61ff1f0:   000001f159337850 000001f15a316800
0x000000a2c61ff200:   0000000000000002 000001f1591b1398
0x000000a2c61ff210:   000001f15a316800 000001f159337850
0x000000a2c61ff220:   0000000000000000 0000000000000002 

Instructions: (pc=0x000000005f1c227e)
0x000000005f1c225e:   cc cc 48 89 11 c3 cc cc cc cc cc cc cc cc cc cc
0x000000005f1c226e:   cc cc 40 53 48 83 ec 20 4c 8b c9 48 85 c9 74 50
0x000000005f1c227e:   48 8b 19 48 85 db 74 48 48 8b 43 08 48 8b 50 08
0x000000005f1c228e:   48 8b 42 18 48 85 c0 74 37 48 8b 80 90 00 00 00 


Register to memory mapping:

RAX=0x000000a2c61ff101 is pointing into the stack for thread: 0x000001f15a316800
RBX=0x000001f15a316800 is a thread
RCX=0x00000000436eba20 is an unknown value
RDX=0x000001f15a316800 is a thread
RSP=0x000000a2c61ff130 is pointing into the stack for thread: 0x000001f15a316800
RBP=0x00000000436eba20 is an unknown value
RSI=0x000001f1436c1620 is an unknown value
RDI=0x000000a2c61ff250 is pointing into the stack for thread: 0x000001f15a316800
R8 =0x000000a2c61ff250 is pointing into the stack for thread: 0x000001f15a316800
R9 =0x00000000436eba20 is an unknown value
R10=0x0000000000000000 is an unknown value
R11=0x000000a2c61ff150 is pointing into the stack for thread: 0x000001f15a316800
R12=0x000001f16379c3c0 is an unknown value
R13=0x0000000000000028 is an unknown value
R14=0x00007ffd38fb9c68 is an unknown value
R15=0x00007ffd38fb9a60 is an unknown value


Stack: [0x000000a2c6100000,0x000000a2c6200000],  sp=0x000000a2c61ff130,  free space=1020k
Native frames: (J=compiled Java code, j=interpreted, Vv=VM code, C=native code)
V  [jvm.dll+0x14227e]
V  [jvm.dll+0x34bd1d]
C  [profilerinterface.dll+0x34da]
C  0x000001f144f49f4e

Java frames: (J=compiled Java code, j=interpreted, Vv=VM code)
j  org.netbeans.lib.profiler.server.system.Stacks.getMethodNamesForJMethodIds(I[I[I)[B+0
j  org.netbeans.lib.profiler.server.ProfilerInterface.getMethodNamesForJMethodIds([I)Lorg/netbeans/lib/profiler/wireprotocol/MethodNamesResponse;+20
j  org.netbeans.lib.profiler.server.ProfilerServer.handleClientCommand(Lorg/netbeans/lib/profiler/wireprotocol/Command;)V+691
j  org.netbeans.lib.profiler.server.ProfilerServer.listenToClient()V+48
j  org.netbeans.lib.profiler.server.ProfilerServer.run()V+22
v  ~StubRoutines::call_stub

---------------  P R O C E S S  ---------------

Java Threads: ( => current thread )
  0x000001f15bc84000 JavaThread "*** Profiler Agent Special Execution Thread 10" daemon [_thread_blocked, id=10348, stack(0x000000a2c5100000,0x000000a2c5200000)]
  0x000001f15d01a000 JavaThread "Prism Font Disposer" daemon [_thread_blocked, id=3084, stack(0x000000a2c7400000,0x000000a2c7500000)]
  0x000001f15ce30000 JavaThread "Thread-8" daemon [_thread_blocked, id=8900, stack(0x000000a2c6f00000,0x000000a2c7000000)]
  0x000001f15ce48800 JavaThread "JavaFX-Launcher" [_thread_blocked, id=9660, stack(0x000000a2c7000000,0x000000a2c7100000)]
  0x000001f15c9ac800 JavaThread "JavaFX Application Thread" [_thread_in_native, id=5068, stack(0x000000a2c6d00000,0x000000a2c6e00000)]
  0x000001f15c9bd000 JavaThread "Thread-6" daemon [_thread_blocked, id=4680, stack(0x000000a2c6c00000,0x000000a2c6d00000)]
  0x000001f15c8a2000 JavaThread "QuantumRenderer-0" daemon [_thread_blocked, id=4968, stack(0x000000a2c6a00000,0x000000a2c6b00000)]
  0x000001f15baf3000 JavaThread "Service Thread" daemon [_thread_blocked, id=15392, stack(0x000000a2c6800000,0x000000a2c6900000)]
  0x000001f15baf1800 JavaThread "C1 CompilerThread3" daemon [_thread_blocked, id=808, stack(0x000000a2c6700000,0x000000a2c6800000)]
  0x000001f15bac3800 JavaThread "C2 CompilerThread2" daemon [_thread_blocked, id=11112, stack(0x000000a2c6600000,0x000000a2c6700000)]
  0x000001f15bac2800 JavaThread "C2 CompilerThread1" daemon [_thread_blocked, id=16704, stack(0x000000a2c6500000,0x000000a2c6600000)]
  0x000001f15bac2000 JavaThread "C2 CompilerThread0" daemon [_thread_blocked, id=10480, stack(0x000000a2c6400000,0x000000a2c6500000)]
  0x000001f15b9f2000 JavaThread "*** Profiler Agent Special Execution Thread 6" daemon [_thread_blocked, id=2132, stack(0x000000a2c6300000,0x000000a2c6400000)]
  0x000001f15b9f1800 JavaThread "*** JFluid Monitor thread ***" daemon [_thread_blocked, id=11840, stack(0x000000a2c6200000,0x000000a2c6300000)]
=>0x000001f15a316800 JavaThread "*** Profiler Agent Communication Thread" daemon [_thread_in_vm, id=8780, stack(0x000000a2c6100000,0x000000a2c6200000)]
  0x000001f15a29c000 JavaThread "Attach Listener" daemon [_thread_blocked, id=12768, stack(0x000000a2c6000000,0x000000a2c6100000)]
  0x000001f15a29b000 JavaThread "Signal Dispatcher" daemon [_thread_blocked, id=5756, stack(0x000000a2c5f00000,0x000000a2c6000000)]
  0x000001f15a273800 JavaThread "Finalizer" daemon [_thread_blocked, id=12216, stack(0x000000a2c5e00000,0x000000a2c5f00000)]
  0x000001f15967e000 JavaThread "Reference Handler" daemon [_thread_blocked, id=17380, stack(0x000000a2c5d00000,0x000000a2c5e00000)]
  0x000001f1436c7000 JavaThread "main" [_thread_blocked, id=1604, stack(0x000000a2c5300000,0x000000a2c5400000)]

Other Threads:
  0x000001f15a243800 VMThread [stack: 0x000000a2c5c00000,0x000000a2c5d00000] [id=15708]
  0x000001f15bba1000 WatcherThread [stack: 0x000000a2c6900000,0x000000a2c6a00000] [id=13992]

VM state:synchronizing (normal execution)

VM Mutex/Monitor currently owned by a thread:  ([mutex/lock_event])
[0x000001f1436c6520] Threads_lock - owner thread: 0x000001f15a243800

heap address: 0x0000000080a00000, size: 2038 MB, Compressed Oops mode: 32-bit
Narrow klass base: 0x0000000000000000, Narrow klass shift: 3
Compressed class space size: 1073741824 Address: 0x0000000100000000

Heap:
 PSYoungGen      total 38400K, used 9277K [0x00000000d5900000, 0x00000000d8380000, 0x0000000100000000)
  eden space 33280K, 12% used [0x00000000d5900000,0x00000000d5d19f50,0x00000000d7980000)
  from space 5120K, 99% used [0x00000000d7980000,0x00000000d7e75540,0x00000000d7e80000)
  to   space 5120K, 0% used [0x00000000d7e80000,0x00000000d7e80000,0x00000000d8380000)
 ParOldGen       total 87552K, used 4112K [0x0000000080a00000, 0x0000000085f80000, 0x00000000d5900000)
  object space 87552K, 4% used [0x0000000080a00000,0x0000000080e04020,0x0000000085f80000)
 Metaspace       used 15526K, capacity 15986K, committed 16000K, reserved 1062912K
  class space    used 2044K, capacity 2168K, committed 2176K, reserved 1048576K

Card table byte_map: [0x000001f1542f0000,0x000001f1546f0000] byte_map_base: 0x000001f153eeb000

Marking Bits: (ParMarkBitMap*) 0x000000005f874fb0
 Begin Bits: [0x000001f1549a0000, 0x000001f156978000)
 End Bits:   [0x000001f156978000, 0x000001f158950000)

Polling page: 0x000001f143640000

CodeCache: size=245760Kb used=3952Kb max_used=3965Kb free=241807Kb
 bounds [0x000001f144f30000, 0x000001f145320000, 0x000001f153f30000]
 total_blobs=1788 nmethods=1122 adapters=578
 compilation: enabled

Compilation events (10 events):
Event: 184.416 Thread 0x000001f15baf1800 1118       3       java.lang.Thread::getId (5 bytes)
Event: 184.416 Thread 0x000001f15baf1800 nmethod 1118 0x000001f14530ac50 code [0x000001f14530ada0, 0x000001f14530aef8]
Event: 184.510 Thread 0x000001f15baf1800 1119       3       java.util.Arrays::equals (54 bytes)
Event: 184.511 Thread 0x000001f15baf1800 nmethod 1119 0x000001f14530af90 code [0x000001f14530b100, 0x000001f14530b478]
Event: 184.511 Thread 0x000001f15baf1800 1120       3       org.netbeans.lib.profiler.server.ProfilerRuntimeSampler$Sampling::writeThreadInfoNoChange (86 bytes)
Event: 184.511 Thread 0x000001f15baf1800 nmethod 1120 0x000001f14530b590 code [0x000001f14530b720, 0x000001f14530baf0]
Event: 184.603 Thread 0x000001f15bac2000 1121       4       java.util.HashMap::putVal (300 bytes)
Event: 184.610 Thread 0x000001f15bac2000 nmethod 1121 0x000001f14530f050 code [0x000001f14530f220, 0x000001f14530f950]
Event: 184.634 Thread 0x000001f15bac3800 1122       4       java.util.HashMap::put (13 bytes)
Event: 184.641 Thread 0x000001f15bac3800 nmethod 1122 0x000001f14530ff50 code [0x000001f145310120, 0x000001f145310810]

GC Heap History (2 events):
Event: 184.152 GC heap before
{Heap before GC invocations=1 (full 0):
 PSYoungGen      total 38400K, used 33280K [0x00000000d5900000, 0x00000000d8380000, 0x0000000100000000)
  eden space 33280K, 100% used [0x00000000d5900000,0x00000000d7980000,0x00000000d7980000)
  from space 5120K, 0% used [0x00000000d7e80000,0x00000000d7e80000,0x00000000d8380000)
  to   space 5120K, 0% used [0x00000000d7980000,0x00000000d7980000,0x00000000d7e80000)
 ParOldGen       total 87552K, used 0K [0x0000000080a00000, 0x0000000085f80000, 0x00000000d5900000)
  object space 87552K, 0% used [0x0000000080a00000,0x0000000080a00000,0x0000000085f80000)
 Metaspace       used 15488K, capacity 15922K, committed 16000K, reserved 1062912K
  class space    used 2039K, capacity 2168K, committed 2176K, reserved 1048576K
Event: 184.157 GC heap after
Heap after GC invocations=1 (full 0):
 PSYoungGen      total 38400K, used 5077K [0x00000000d5900000, 0x00000000d8380000, 0x0000000100000000)
  eden space 33280K, 0% used [0x00000000d5900000,0x00000000d5900000,0x00000000d7980000)
  from space 5120K, 99% used [0x00000000d7980000,0x00000000d7e75540,0x00000000d7e80000)
  to   space 5120K, 0% used [0x00000000d7e80000,0x00000000d7e80000,0x00000000d8380000)
 ParOldGen       total 87552K, used 4112K [0x0000000080a00000, 0x0000000085f80000, 0x00000000d5900000)
  object space 87552K, 4% used [0x0000000080a00000,0x0000000080e04020,0x0000000085f80000)
 Metaspace       used 15488K, capacity 15922K, committed 16000K, reserved 1062912K
  class space    used 2039K, capacity 2168K, committed 2176K, reserved 1048576K
}

Deoptimization events (10 events):
Event: 2.089 Thread 0x000001f15c9ac800 Uncommon trap: reason=class_check action=maybe_recompile pc=0x000001f14519d5e0 method=java.io.DataInputStream.readShort()S @ 4
Event: 2.089 Thread 0x000001f15c9ac800 Uncommon trap: reason=class_check action=maybe_recompile pc=0x000001f14519d5e0 method=java.io.DataInputStream.readShort()S @ 4
Event: 2.090 Thread 0x000001f15c9ac800 Uncommon trap: reason=class_check action=maybe_recompile pc=0x000001f14519d5e0 method=java.io.DataInputStream.readShort()S @ 4
Event: 2.090 Thread 0x000001f15c9ac800 Uncommon trap: reason=class_check action=maybe_recompile pc=0x000001f14519d5e0 method=java.io.DataInputStream.readShort()S @ 4
Event: 2.096 Thread 0x000001f15c9ac800 Uncommon trap: reason=class_check action=maybe_recompile pc=0x000001f14505ab54 method=java.lang.String.equals(Ljava/lang/Object;)Z @ 8
Event: 2.096 Thread 0x000001f15c9ac800 Uncommon trap: reason=class_check action=maybe_recompile pc=0x000001f14505ab54 method=java.lang.String.equals(Ljava/lang/Object;)Z @ 8
Event: 2.096 Thread 0x000001f15c9ac800 Uncommon trap: reason=class_check action=maybe_recompile pc=0x000001f14505ab54 method=java.lang.String.equals(Ljava/lang/Object;)Z @ 8
Event: 2.099 Thread 0x000001f15c9ac800 Uncommon trap: reason=class_check action=maybe_recompile pc=0x000001f14505ab54 method=java.lang.String.equals(Ljava/lang/Object;)Z @ 8
Event: 2.162 Thread 0x000001f15c9ac800 Uncommon trap: reason=unstable_if action=reinterpret pc=0x000001f1451dc4ec method=sun.net.www.ParseUtil.encodePath(Ljava/lang/String;Z)Ljava/lang/String; @ 109
Event: 183.328 Thread 0x000001f15b9f1800 Uncommon trap: reason=unstable_if action=reinterpret pc=0x000001f1452f428c method=org.netbeans.lib.profiler.server.Monitors$ThreadDataTable.incStatusIdx()V @ 18

Classes redefined (0 events):
No events

Internal exceptions (10 events):
Event: 0.662 Thread 0x000001f1436c7000 Exception <a 'java/security/PrivilegedActionException'> (0x00000000d5d33110) thrown at [C:\jenkins\workspace\8-2-build-windows-amd64-cygwin\jdk8u261\295\hotspot\src\share\vm\prims\jvm.cpp, line 1512]
Event: 0.662 Thread 0x000001f1436c7000 Exception <a 'java/lang/ArrayIndexOutOfBoundsException': 22> (0x00000000d5d34208) thrown at [C:\jenkins\workspace\8-2-build-windows-amd64-cygwin\jdk8u261\295\hotspot\src\share\vm\interpreter\interpreterRuntime.cpp, line 368]
Event: 0.663 Thread 0x000001f1436c7000 Exception <a 'java/lang/ArrayIndexOutOfBoundsException': 160> (0x00000000d5d35df0) thrown at [C:\jenkins\workspace\8-2-build-windows-amd64-cygwin\jdk8u261\295\hotspot\src\share\vm\interpreter\interpreterRuntime.cpp, line 368]
Event: 0.663 Thread 0x000001f1436c7000 Exception <a 'java/lang/ArrayIndexOutOfBoundsException': 22> (0x00000000d5d38018) thrown at [C:\jenkins\workspace\8-2-build-windows-amd64-cygwin\jdk8u261\295\hotspot\src\share\vm\interpreter\interpreterRuntime.cpp, line 368]
Event: 0.663 Thread 0x000001f1436c7000 Exception <a 'java/lang/ArrayIndexOutOfBoundsException': 22> (0x00000000d5d39778) thrown at [C:\jenkins\workspace\8-2-build-windows-amd64-cygwin\jdk8u261\295\hotspot\src\share\vm\interpreter\interpreterRuntime.cpp, line 368]
Event: 0.664 Thread 0x000001f1436c7000 Exception <a 'java/lang/ArrayIndexOutOfBoundsException': 22> (0x00000000d5d3bed8) thrown at [C:\jenkins\workspace\8-2-build-windows-amd64-cygwin\jdk8u261\295\hotspot\src\share\vm\interpreter\interpreterRuntime.cpp, line 368]
Event: 0.702 Thread 0x000001f15a316800 Exception <a 'java/lang/VerifyError': Stack map does not match the one at exception handler 21
Exception Details:
  Location:
    org/netbeans/lib/profiler/ConstructorTest.<init>()V @21: astore_1
  Reason:
    Current frame's flags are not assignable to s
Event: 1.388 Thread 0x000001f1436c7000 Exception <a 'java/lang/NullPointerException'> (0x00000000d61501f8) thrown at [C:\jenkins\workspace\8-2-build-windows-amd64-cygwin\jdk8u261\295\hotspot\src\share\vm\interpreter\linkResolver.cpp, line 1185]
Event: 1.812 Thread 0x000001f15c9ac800 Exception <a 'java/lang/NullPointerException'> (0x00000000d6b18688) thrown at [C:\jenkins\workspace\8-2-build-windows-amd64-cygwin\jdk8u261\295\hotspot\src\share\vm\interpreter\linkResolver.cpp, line 1185]
Event: 1.812 Thread 0x000001f15c9ac800 Exception <a 'java/lang/NullPointerException'> (0x00000000d6b18688) thrown at [C:\jenkins\workspace\8-2-build-windows-amd64-cygwin\jdk8u261\295\hotspot\src\share\vm\prims\jvm.cpp, line 1516]

Events (10 events):
Event: 185.160 Executing VM operation: GetAllStackTraces
Event: 185.160 Executing VM operation: GetAllStackTraces done
Event: 185.161 loading class org/netbeans/lib/profiler/wireprotocol/EventBufferDumpedCommand
Event: 185.162 loading class org/netbeans/lib/profiler/wireprotocol/EventBufferDumpedCommand done
Event: 185.170 Executing VM operation: GetAllStackTraces
Event: 185.170 Executing VM operation: GetAllStackTraces done
Event: 185.170 loading class org/netbeans/lib/profiler/wireprotocol/DumpResultsResponse
Event: 185.170 loading class org/netbeans/lib/profiler/wireprotocol/DumpResultsResponse done
Event: 185.173 loading class org/netbeans/lib/profiler/wireprotocol/GetMethodNamesForJMethodIdsCommand
Event: 185.174 loading class org/netbeans/lib/profiler/wireprotocol/GetMethodNamesForJMethodIdsCommand done


Dynamic libraries:
0x00007ff70c4e0000 - 0x00007ff70c527000 	C:\Program Files\Java\jdk1.8.0_261\jre\bin\java.exe
0x00007ffd3f480000 - 0x00007ffd3f670000 	C:\WINDOWS\SYSTEM32\ntdll.dll
0x00007ffd3dd70000 - 0x00007ffd3de22000 	C:\WINDOWS\System32\KERNEL32.DLL
0x00007ffd3c430000 - 0x00007ffd3c6d4000 	C:\WINDOWS\System32\KERNELBASE.dll
0x00007ffd3d530000 - 0x00007ffd3d5d3000 	C:\WINDOWS\System32\ADVAPI32.dll
0x00007ffd3de30000 - 0x00007ffd3dece000 	C:\WINDOWS\System32\msvcrt.dll
0x00007ffd3db30000 - 0x00007ffd3dbc7000 	C:\WINDOWS\System32\sechost.dll
0x00007ffd3d780000 - 0x00007ffd3d8a0000 	C:\WINDOWS\System32\RPCRT4.dll
0x00007ffd3ded0000 - 0x00007ffd3e064000 	C:\WINDOWS\System32\USER32.dll
0x00007ffd3c400000 - 0x00007ffd3c421000 	C:\WINDOWS\System32\win32u.dll
0x00007ffd3dd40000 - 0x00007ffd3dd66000 	C:\WINDOWS\System32\GDI32.dll
0x00007ffd3c910000 - 0x00007ffd3caa6000 	C:\WINDOWS\System32\gdi32full.dll
0x00007ffd3c870000 - 0x00007ffd3c90e000 	C:\WINDOWS\System32\msvcp_win.dll
0x00007ffd3d430000 - 0x00007ffd3d52a000 	C:\WINDOWS\System32\ucrtbase.dll
0x00007ffd31990000 - 0x00007ffd31c14000 	C:\WINDOWS\WinSxS\amd64_microsoft.windows.common-controls_6595b64144ccf1df_6.0.18362.959_none_e6c7bbbf130c62bb\COMCTL32.dll
0x00007ffd3eb40000 - 0x00007ffd3ee75000 	C:\WINDOWS\System32\combase.dll
0x00007ffd3c6e0000 - 0x00007ffd3c760000 	C:\WINDOWS\System32\bcryptPrimitives.dll
0x00007ffd3dbd0000 - 0x00007ffd3dbfe000 	C:\WINDOWS\System32\IMM32.DLL
0x00007ffd38fd0000 - 0x00007ffd38fe5000 	C:\Program Files\Java\jdk1.8.0_261\jre\bin\vcruntime140.dll
0x00007ffd1a6a0000 - 0x00007ffd1a73b000 	C:\Program Files\Java\jdk1.8.0_261\jre\bin\msvcp140.dll
0x000000005f080000 - 0x000000005f8ec000 	C:\Program Files\Java\jdk1.8.0_261\jre\bin\server\jvm.dll
0x00007ffd3d950000 - 0x00007ffd3d958000 	C:\WINDOWS\System32\PSAPI.DLL
0x00007ffd27dd0000 - 0x00007ffd27dd9000 	C:\WINDOWS\SYSTEM32\WSOCK32.dll
0x00007ffd362c0000 - 0x00007ffd362ca000 	C:\WINDOWS\SYSTEM32\VERSION.dll
0x00007ffd386b0000 - 0x00007ffd386d4000 	C:\WINDOWS\SYSTEM32\WINMM.dll
0x00007ffd3f370000 - 0x00007ffd3f3df000 	C:\WINDOWS\System32\WS2_32.dll
0x00007ffd38680000 - 0x00007ffd386ad000 	C:\WINDOWS\SYSTEM32\winmmbase.dll
0x00007ffd3cad0000 - 0x00007ffd3cb1a000 	C:\WINDOWS\System32\cfgmgr32.dll
0x00007ffd3c340000 - 0x00007ffd3c351000 	C:\WINDOWS\System32\kernel.appcore.dll
0x00007ffd38fc0000 - 0x00007ffd38fd0000 	C:\Program Files\Java\jdk1.8.0_261\jre\bin\verify.dll
0x00007ffd37c70000 - 0x00007ffd37c9b000 	C:\Program Files\Java\jdk1.8.0_261\jre\bin\java.dll
0x00007ffd38fb0000 - 0x00007ffd38fbf000 	C:\Program Files\NetBeans-12.0\netbeans\profiler\lib\deployed\jdk16\windows-amd64\profilerinterface.dll
0x00007ffd2e770000 - 0x00007ffd2e788000 	C:\Program Files\Java\jdk1.8.0_261\jre\bin\zip.dll
0x00007ffd3e310000 - 0x00007ffd3e9f6000 	C:\WINDOWS\System32\SHELL32.dll
0x00007ffd3d5e0000 - 0x00007ffd3d689000 	C:\WINDOWS\System32\shcore.dll
0x00007ffd3cb20000 - 0x00007ffd3d2a2000 	C:\WINDOWS\System32\windows.storage.dll
0x00007ffd3c360000 - 0x00007ffd3c383000 	C:\WINDOWS\System32\profapi.dll
0x00007ffd3c390000 - 0x00007ffd3c3da000 	C:\WINDOWS\System32\powrprof.dll
0x00007ffd3c330000 - 0x00007ffd3c340000 	C:\WINDOWS\System32\UMPDC.dll
0x00007ffd3dc00000 - 0x00007ffd3dc52000 	C:\WINDOWS\System32\shlwapi.dll
0x00007ffd3cab0000 - 0x00007ffd3cac7000 	C:\WINDOWS\System32\cryptsp.dll
0x00007ffd2e750000 - 0x00007ffd2e76c000 	C:\Program Files\Java\jdk1.8.0_261\jre\bin\net.dll
0x00007ffd3bba0000 - 0x00007ffd3bc07000 	C:\WINDOWS\system32\mswsock.dll
0x00007ffd38770000 - 0x00007ffd3877d000 	C:\Program Files\Java\jdk1.8.0_261\jre\bin\management.dll
0x00007ffd2e730000 - 0x00007ffd2e743000 	C:\Program Files\Java\jdk1.8.0_261\jre\bin\nio.dll
0x00007ffd3b710000 - 0x00007ffd3b743000 	C:\WINDOWS\system32\rsaenh.dll
0x00007ffd3d2b0000 - 0x00007ffd3d2d6000 	C:\WINDOWS\System32\bcrypt.dll
0x00007ffd3c250000 - 0x00007ffd3c275000 	C:\WINDOWS\SYSTEM32\USERENV.dll
0x00007ffd3bd70000 - 0x00007ffd3bd7c000 	C:\WINDOWS\SYSTEM32\CRYPTBASE.dll
0x00007ffd3b8b0000 - 0x00007ffd3b8ea000 	C:\WINDOWS\SYSTEM32\IPHLPAPI.DLL
0x00007ffd3d690000 - 0x00007ffd3d698000 	C:\WINDOWS\System32\NSI.dll
0x00007ffd34190000 - 0x00007ffd341a6000 	C:\WINDOWS\SYSTEM32\dhcpcsvc6.DLL
0x00007ffd345e0000 - 0x00007ffd345fc000 	C:\WINDOWS\SYSTEM32\dhcpcsvc.DLL
0x00007ffd3b8f0000 - 0x00007ffd3b9bb000 	C:\WINDOWS\SYSTEM32\DNSAPI.dll
0x000001f143680000 - 0x000001f143683000 	C:\Program Files\Java\jdk1.8.0_261\jre\bin\api-ms-win-core-console-l1-1-0.dll
0x000001f15c5c0000 - 0x000001f15c5c3000 	C:\Program Files\Java\jdk1.8.0_261\jre\bin\api-ms-win-core-datetime-l1-1-0.dll
0x000001f15c5d0000 - 0x000001f15c5d3000 	C:\Program Files\Java\jdk1.8.0_261\jre\bin\api-ms-win-core-debug-l1-1-0.dll
0x000001f15c5e0000 - 0x000001f15c5e3000 	C:\Program Files\Java\jdk1.8.0_261\jre\bin\api-ms-win-core-errorhandling-l1-1-0.dll
0x000001f15c5f0000 - 0x000001f15c5f4000 	C:\Program Files\Java\jdk1.8.0_261\jre\bin\api-ms-win-core-file-l1-1-0.dll
0x000001f15c600000 - 0x000001f15c603000 	C:\Program Files\Java\jdk1.8.0_261\jre\bin\api-ms-win-core-file-l1-2-0.dll
0x000001f15c610000 - 0x000001f15c613000 	C:\Program Files\Java\jdk1.8.0_261\jre\bin\api-ms-win-core-file-l2-1-0.dll
0x000001f15c620000 - 0x000001f15c623000 	C:\Program Files\Java\jdk1.8.0_261\jre\bin\api-ms-win-core-handle-l1-1-0.dll
0x000001f15c630000 - 0x000001f15c633000 	C:\Program Files\Java\jdk1.8.0_261\jre\bin\api-ms-win-core-heap-l1-1-0.dll
0x000001f15c640000 - 0x000001f15c643000 	C:\Program Files\Java\jdk1.8.0_261\jre\bin\api-ms-win-core-interlocked-l1-1-0.dll
0x000001f15c650000 - 0x000001f15c653000 	C:\Program Files\Java\jdk1.8.0_261\jre\bin\api-ms-win-core-libraryloader-l1-1-0.dll
0x000001f15c660000 - 0x000001f15c663000 	C:\Program Files\Java\jdk1.8.0_261\jre\bin\api-ms-win-core-localization-l1-2-0.dll
0x000001f15c670000 - 0x000001f15c673000 	C:\Program Files\Java\jdk1.8.0_261\jre\bin\api-ms-win-core-memory-l1-1-0.dll
0x000001f15c680000 - 0x000001f15c683000 	C:\Program Files\Java\jdk1.8.0_261\jre\bin\api-ms-win-core-namedpipe-l1-1-0.dll
0x000001f15c690000 - 0x000001f15c693000 	C:\Program Files\Java\jdk1.8.0_261\jre\bin\api-ms-win-core-processenvironment-l1-1-0.dll
0x000001f15c6a0000 - 0x000001f15c6a3000 	C:\Program Files\Java\jdk1.8.0_261\jre\bin\api-ms-win-core-processthreads-l1-1-0.dll
0x000001f15c6b0000 - 0x000001f15c6b3000 	C:\Program Files\Java\jdk1.8.0_261\jre\bin\api-ms-win-core-processthreads-l1-1-1.dll
0x000001f15c6c0000 - 0x000001f15c6c3000 	C:\Program Files\Java\jdk1.8.0_261\jre\bin\api-ms-win-core-profile-l1-1-0.dll
0x000001f15c6d0000 - 0x000001f15c6d3000 	C:\Program Files\Java\jdk1.8.0_261\jre\bin\api-ms-win-core-rtlsupport-l1-1-0.dll
0x000001f15c6e0000 - 0x000001f15c6e3000 	C:\Program Files\Java\jdk1.8.0_261\jre\bin\api-ms-win-core-string-l1-1-0.dll
0x000001f15c6f0000 - 0x000001f15c6f3000 	C:\Program Files\Java\jdk1.8.0_261\jre\bin\api-ms-win-core-synch-l1-1-0.dll
0x000001f15c700000 - 0x000001f15c703000 	C:\Program Files\Java\jdk1.8.0_261\jre\bin\api-ms-win-core-synch-l1-2-0.dll
0x000001f15c710000 - 0x000001f15c713000 	C:\Program Files\Java\jdk1.8.0_261\jre\bin\api-ms-win-core-sysinfo-l1-1-0.dll
0x000001f15c720000 - 0x000001f15c723000 	C:\Program Files\Java\jdk1.8.0_261\jre\bin\api-ms-win-core-timezone-l1-1-0.dll
0x000001f15c730000 - 0x000001f15c733000 	C:\Program Files\Java\jdk1.8.0_261\jre\bin\api-ms-win-core-util-l1-1-0.dll
0x000001f15c740000 - 0x000001f15c743000 	C:\Program Files\Java\jdk1.8.0_261\jre\bin\api-ms-win-crt-conio-l1-1-0.dll
0x000001f15c750000 - 0x000001f15c754000 	C:\Program Files\Java\jdk1.8.0_261\jre\bin\api-ms-win-crt-convert-l1-1-0.dll
0x000001f15c760000 - 0x000001f15c763000 	C:\Program Files\Java\jdk1.8.0_261\jre\bin\api-ms-win-crt-environment-l1-1-0.dll
0x000001f15c770000 - 0x000001f15c773000 	C:\Program Files\Java\jdk1.8.0_261\jre\bin\api-ms-win-crt-filesystem-l1-1-0.dll
0x000001f15c780000 - 0x000001f15c783000 	C:\Program Files\Java\jdk1.8.0_261\jre\bin\api-ms-win-crt-heap-l1-1-0.dll
0x000001f15c790000 - 0x000001f15c793000 	C:\Program Files\Java\jdk1.8.0_261\jre\bin\api-ms-win-crt-locale-l1-1-0.dll
0x000001f15c7a0000 - 0x000001f15c7a5000 	C:\Program Files\Java\jdk1.8.0_261\jre\bin\api-ms-win-crt-math-l1-1-0.dll
0x000001f15c7b0000 - 0x000001f15c7b5000 	C:\Program Files\Java\jdk1.8.0_261\jre\bin\api-ms-win-crt-multibyte-l1-1-0.dll
0x000001f15c7c0000 - 0x000001f15c7d0000 	C:\Program Files\Java\jdk1.8.0_261\jre\bin\api-ms-win-crt-private-l1-1-0.dll
0x000001f15c7d0000 - 0x000001f15c7d3000 	C:\Program Files\Java\jdk1.8.0_261\jre\bin\api-ms-win-crt-process-l1-1-0.dll
0x000001f15c7e0000 - 0x000001f15c7e4000 	C:\Program Files\Java\jdk1.8.0_261\jre\bin\api-ms-win-crt-runtime-l1-1-0.dll
0x000001f15c7f0000 - 0x000001f15c7f4000 	C:\Program Files\Java\jdk1.8.0_261\jre\bin\api-ms-win-crt-stdio-l1-1-0.dll
0x000001f15c800000 - 0x000001f15c804000 	C:\Program Files\Java\jdk1.8.0_261\jre\bin\api-ms-win-crt-string-l1-1-0.dll
0x000001f15c810000 - 0x000001f15c813000 	C:\Program Files\Java\jdk1.8.0_261\jre\bin\api-ms-win-crt-time-l1-1-0.dll
0x000001f15c820000 - 0x000001f15c823000 	C:\Program Files\Java\jdk1.8.0_261\jre\bin\api-ms-win-crt-utility-l1-1-0.dll
0x00007ffd15040000 - 0x00007ffd1513c000 	C:\Program Files\Java\jdk1.8.0_261\jre\bin\ucrtbase.dll
0x00007ffd12dc0000 - 0x00007ffd12e11000 	C:\Program Files\Java\jdk1.8.0_261\jre\bin\concrt140.dll
0x00007ffd1b9a0000 - 0x00007ffd1b9c3000 	C:\Program Files\Java\jdk1.8.0_261\jre\bin\prism_d3d.dll
0x00007ffd301a0000 - 0x00007ffd30367000 	C:\WINDOWS\system32\d3d9.dll
0x00007ffd3a9e0000 - 0x00007ffd3aa0d000 	C:\WINDOWS\SYSTEM32\dwmapi.dll
0x00007ffd3af80000 - 0x00007ffd3afa0000 	C:\WINDOWS\SYSTEM32\dxcore.dll
0x00007ffd3a5e0000 - 0x00007ffd3a679000 	C:\WINDOWS\system32\uxtheme.dll
0x00007ffd33010000 - 0x00007ffd330fe000 	C:\WINDOWS\System32\DriverStore\FileRepository\nvami.inf_amd64_a3d5bcc37ff12fed\nvldumdx.dll
0x00007ffd3d2e0000 - 0x00007ffd3d429000 	C:\WINDOWS\System32\crypt32.dll
0x00007ffd3c3e0000 - 0x00007ffd3c3f2000 	C:\WINDOWS\System32\MSASN1.dll
0x00007ffd3c760000 - 0x00007ffd3c7bc000 	C:\WINDOWS\System32\WINTRUST.DLL
0x00007ffd3e140000 - 0x00007ffd3e15d000 	C:\WINDOWS\System32\imagehlp.dll
0x00007ffce23e0000 - 0x00007ffce37a0000 	C:\WINDOWS\System32\DriverStore\FileRepository\nvami.inf_amd64_a3d5bcc37ff12fed\nvd3dumx.dll
0x00007ffd12710000 - 0x00007ffd12755000 	C:\Program Files\Java\jdk1.8.0_261\jre\bin\glass.dll
0x00007ffd3e070000 - 0x00007ffd3e140000 	C:\WINDOWS\System32\COMDLG32.dll
0x00007ffd3d9d0000 - 0x00007ffd3db27000 	C:\WINDOWS\System32\ole32.dll
0x00007ffd3dc60000 - 0x00007ffd3dd25000 	C:\WINDOWS\System32\OLEAUT32.dll
0x00007ffd3ea00000 - 0x00007ffd3eb35000 	C:\WINDOWS\System32\MSCTF.dll
0x00007ffd2eb00000 - 0x00007ffd2ebc4000 	C:\Program Files (x86)\NVIDIA Corporation\3D Vision\nvSCPAPI64.dll
0x00007ffd3ee80000 - 0x00007ffd3f2f0000 	C:\WINDOWS\System32\SETUPAPI.dll
0x00007ffd0f7b0000 - 0x00007ffd0fa5e000 	C:\WINDOWS\system32\nvspcap64.dll
0x00007ffd3b370000 - 0x00007ffd3b3a1000 	C:\WINDOWS\SYSTEM32\ntmarta.dll
0x00007ffd3af30000 - 0x00007ffd3af52000 	C:\WINDOWS\SYSTEM32\gpapi.dll
0x00007ffd34560000 - 0x00007ffd3458f000 	C:\WINDOWS\SYSTEM32\cryptnet.dll
0x00007ffd24320000 - 0x00007ffd24334000 	C:\Program Files\Java\jdk1.8.0_261\jre\bin\javafx_font.dll
0x00007ffd14d20000 - 0x00007ffd1501e000 	C:\WINDOWS\SYSTEM32\dwrite.dll
0x00007ffd3d8a0000 - 0x00007ffd3d942000 	C:\WINDOWS\System32\clbcatq.dll
0x00007ffd365e0000 - 0x00007ffd3678f000 	C:\WINDOWS\SYSTEM32\WindowsCodecs.dll
0x00007ffd14a20000 - 0x00007ffd14a5a000 	C:\WINDOWS\system32\dataexchange.dll
0x00007ffd39680000 - 0x00007ffd398db000 	C:\WINDOWS\system32\d3d11.dll
0x00007ffd39d40000 - 0x00007ffd39f1d000 	C:\WINDOWS\system32\dcomp.dll
0x00007ffd3b010000 - 0x00007ffd3b0fb000 	C:\WINDOWS\system32\dxgi.dll
0x00007ffd3a750000 - 0x00007ffd3a9b2000 	C:\WINDOWS\system32\twinapi.appcore.dll
0x00007ffd3ac70000 - 0x00007ffd3ac99000 	C:\WINDOWS\system32\RMCLIENT.dll

VM Arguments:
jvm_args: -Dfile.encoding=UTF-8 -agentpath:C:/Program Files/NetBeans-12.0/netbeans/profiler/lib/deployed/jdk16/windows-amd64/profilerinterface.dll=C:\Program Files\NetBeans-12.0\netbeans\profiler\lib,5140,10 -XX:+HeapDumpOnOutOfMemoryError -XX:HeapDumpPath=C:\Users\courtney\Documents\NetBeansProjects\InvinciBagel\nbproject\private\profiler 
java_command: C:\Users\courtney\Documents\NetBeansProjects\InvinciBagel\dist\run531707320\InvinciBagel.jar
java_class_path (initial): C:\Users\courtney\Documents\NetBeansProjects\InvinciBagel\dist\run531707320\InvinciBagel.jar
Launcher Type: SUN_STANDARD

Environment Variables:
PATH=C:\Program Files (x86)\Common Files\Oracle\Java\javapath;C:\ProgramData\Oracle\Java\javapath;C:\Program Files (x86)\Intel\iCLS Client\;C:\Program Files\Intel\iCLS Client\;C:\Program Files\Common Files\Microsoft Shared\Windows Live;C:\Program Files (x86)\Common Files\Microsoft Shared\Windows Live;C:\Windows\system32;C:\Windows;C:\Windows\System32\Wbem;C:\Windows\System32\WindowsPowerShell\v1.0\;C:\Program Files (x86)\Windows Live\Shared;C:\Program Files\Intel\Intel(R) Management Engine Components\DAL;C:\Program Files\Intel\Intel(R) Management Engine Components\IPT;C:\Program Files (x86)\Intel\Intel(R) Management Engine Components\DAL;C:\Program Files (x86)\Intel\Intel(R) Management Engine Components\IPT;C:\Program Files\Intel\WiFi\bin\;C:\Program Files\Common Files\Intel\WirelessCommon\;C:\Program Files (x86)\NVIDIA Corporation\PhysX\Common;C:\WINDOWS\system32;C:\WINDOWS;C:\WINDOWS\System32\Wbem;C:\WINDOWS\System32\WindowsPowerShell\v1.0\;C:\WINDOWS\System32\OpenSSH\;C:\Program Files\Microsoft VS Code\bin;C:\Program Files\Git\cmd;C:\Program Files\NVIDIA Corporation\NVIDIA NvDLISR;C:\WINDOWS\system32;C:\WINDOWS;C:\WINDOWS\System32\Wbem;C:\WINDOWS\System32\WindowsPowerShell\v1.0\;C:\WINDOWS\System32\OpenSSH\;C:\Users\courtney\AppData\Local\Microsoft\WindowsApps;;C:\Users\courtney\AppData\Local\Programs\Microsoft VS Code\bin
USERNAME=courtney
OS=Windows_NT
PROCESSOR_IDENTIFIER=Intel64 Family 6 Model 58 Stepping 9, GenuineIntel



---------------  S Y S T E M  ---------------

OS: Windows 10.0 , 64 bit Build 18362 (10.0.18362.959)

CPU:total 8 (initial active 8) (4 cores per cpu, 2 threads per core) family 6 model 58 stepping 9, cmov, cx8, fxsr, mmx, sse, sse2, sse3, ssse3, sse4.1, sse4.2, popcnt, avx, aes, clmul, erms, ht, tsc, tscinvbit, tscinv

Memory: 4k page, physical 8341184k(1803280k free), swap 12437184k(2771804k free)

vm_info: Java HotSpot(TM) 64-Bit Server VM (25.261-b12) for windows-amd64 JRE (1.8.0_261-b12), built on Jun 18 2020 06:56:32 by "" with unknown MS VC++:1916

time: Fri Jul 17 06:12:45 2020
timezone: Eastern Daylight Time
elapsed time: 185 seconds (0d 0h 3m 5s)

