#
# A fatal error has been detected by the Java Runtime Environment:
#
#  EXCEPTION_ACCESS_VIOLATION (0xc0000005) at pc=0x000000005f1c227e, pid=17592, tid=0x0000000000003cf4
#
# JRE version: Java(TM) SE Runtime Environment (8.0_261-b12) (build 1.8.0_261-b12)
# Java VM: Java HotSpot(TM) 64-Bit Server VM (25.261-b12 mixed mode windows-amd64 compressed oops)
# Problematic frame:
# V  [jvm.dll+0x14227e]
#
# Failed to write core dump. Minidumps are not enabled by default on client versions of Windows
#
# If you would like to submit a bug report, please visit:
#   http://bugreport.java.com/bugreport/crash.jsp
#

---------------  T H R E A D  ---------------

Current thread (0x0000025bd5e3d800):  JavaThread "*** Profiler Agent Communication Thread" daemon [_thread_in_vm, id=15604, stack(0x000000a5fbf00000,0x000000a5fc000000)]

siginfo: ExceptionCode=0xc0000005, reading address 0xffffffffdd362140

Registers:
RAX=0x000000a5fbfff101, RBX=0x0000025bd5e3d800, RCX=0xffffffffdd362140, RDX=0x0000025bd5e3d800
RSP=0x000000a5fbfff0f0, RBP=0xffffffffdd362140, RSI=0x0000025bbf091910, RDI=0x000000a5fbfff210
R8 =0x000000a5fbfff210, R9 =0xffffffffdd362140, R10=0x000000000000001b, R11=0x000000a5fbfff110
R12=0x0000025be0177440, R13=0x00000000000001c9, R14=0x00007ffd37ea9c68, R15=0x00007ffd37ea9a60
RIP=0x000000005f1c227e, EFLAGS=0x0000000000010282

Top of Stack: (sp=0x000000a5fbfff0f0)
0x000000a5fbfff0f0:   000000a5fbfff200 000000005f1ecae3
0x000000a5fbfff100:   0000025bd4e57850 0000025bd5e3d800
0x000000a5fbfff110:   0000025bd5e3d800 000000005f3cbd1d
0x000000a5fbfff120:   00000000000001c9 0000025bd5e3d800
0x000000a5fbfff130:   0000025bd5e3d9f8 00007ffd3de49da0
0x000000a5fbfff140:   0000025bd5e3d800 0000000000000000
0x000000a5fbfff150:   0000000000000000 0000000000000000
0x000000a5fbfff160:   ffffffffdd362140 00007ffd37ea34da
0x000000a5fbfff170:   0000000000000000 0000025bd5e3d9f8
0x000000a5fbfff180:   0000000000001000 0000000000000039
0x000000a5fbfff190:   0000025be0177440 0000025bd5e3e210
0x000000a5fbfff1a0:   0000025bd4e57850 0000025bd5e3d800
0x000000a5fbfff1b0:   0000025bd4e57850 0000025bd5e3d800
0x000000a5fbfff1c0:   0000000000000010 0000000000001000
0x000000a5fbfff1d0:   0000025bd5e3d800 0000025bd4e57850
0x000000a5fbfff1e0:   0000000000000000 0000000000000010 

Instructions: (pc=0x000000005f1c227e)
0x000000005f1c225e:   cc cc 48 89 11 c3 cc cc cc cc cc cc cc cc cc cc
0x000000005f1c226e:   cc cc 40 53 48 83 ec 20 4c 8b c9 48 85 c9 74 50
0x000000005f1c227e:   48 8b 19 48 85 db 74 48 48 8b 43 08 48 8b 50 08
0x000000005f1c228e:   48 8b 42 18 48 85 c0 74 37 48 8b 80 90 00 00 00 


Register to memory mapping:

RAX=0x000000a5fbfff101 is pointing into the stack for thread: 0x0000025bd5e3d800
RBX=0x0000025bd5e3d800 is a thread
RCX=0xffffffffdd362140 is an unknown value
RDX=0x0000025bd5e3d800 is a thread
RSP=0x000000a5fbfff0f0 is pointing into the stack for thread: 0x0000025bd5e3d800
RBP=0xffffffffdd362140 is an unknown value
RSI=0x0000025bbf091910 is an unknown value
RDI=0x000000a5fbfff210 is pointing into the stack for thread: 0x0000025bd5e3d800
R8 =0x000000a5fbfff210 is pointing into the stack for thread: 0x0000025bd5e3d800
R9 =0xffffffffdd362140 is an unknown value
R10=0x000000000000001b is an unknown value
R11=0x000000a5fbfff110 is pointing into the stack for thread: 0x0000025bd5e3d800
R12=0x0000025be0177440 is an unknown value
R13=0x00000000000001c9 is an unknown value
R14=0x00007ffd37ea9c68 is an unknown value
R15=0x00007ffd37ea9a60 is an unknown value


Stack: [0x000000a5fbf00000,0x000000a5fc000000],  sp=0x000000a5fbfff0f0,  free space=1020k
Native frames: (J=compiled Java code, j=interpreted, Vv=VM code, C=native code)
V  [jvm.dll+0x14227e]
V  [jvm.dll+0x34bd1d]
C  [profilerinterface.dll+0x34da]
C  0x0000025bc0a99f4e

Java frames: (J=compiled Java code, j=interpreted, Vv=VM code)
j  org.netbeans.lib.profiler.server.system.Stacks.getMethodNamesForJMethodIds(I[I[I)[B+0
j  org.netbeans.lib.profiler.server.ProfilerInterface.getMethodNamesForJMethodIds([I)Lorg/netbeans/lib/profiler/wireprotocol/MethodNamesResponse;+20
j  org.netbeans.lib.profiler.server.ProfilerServer.handleClientCommand(Lorg/netbeans/lib/profiler/wireprotocol/Command;)V+691
j  org.netbeans.lib.profiler.server.ProfilerServer.listenToClient()V+48
j  org.netbeans.lib.profiler.server.ProfilerServer.run()V+22
v  ~StubRoutines::call_stub

---------------  P R O C E S S  ---------------

Java Threads: ( => current thread )
  0x0000025bd77f0000 JavaThread "Thread-13" [_thread_blocked, id=17064, stack(0x000000a5fd300000,0x000000a5fd400000)]
  0x0000025bd77f5800 JavaThread "Thread-12" [_thread_blocked, id=20164, stack(0x000000a5fd200000,0x000000a5fd300000)]
  0x0000025bdd38e000 JavaThread "Thread-11" [_thread_blocked, id=18968, stack(0x000000a5fd100000,0x000000a5fd200000)]
  0x0000025bdd34a800 JavaThread "Thread-10" [_thread_blocked, id=14268, stack(0x000000a5fd000000,0x000000a5fd100000)]
  0x0000025bd85f6000 JavaThread "Thread-9" daemon [_thread_blocked, id=20252, stack(0x000000a5fce00000,0x000000a5fcf00000)]
  0x0000025bd85f5000 JavaThread "JavaFX-Launcher" [_thread_blocked, id=8840, stack(0x000000a5fcf00000,0x000000a5fd000000)]
  0x0000025bd8212800 JavaThread "JavaFX Application Thread" [_thread_blocked, id=17532, stack(0x000000a5fcc00000,0x000000a5fcd00000)]
  0x0000025bd81fc800 JavaThread "Thread-7" daemon [_thread_blocked, id=17128, stack(0x000000a5fcb00000,0x000000a5fcc00000)]
  0x0000025bd8170000 JavaThread "QuantumRenderer-0" daemon [_thread_blocked, id=14104, stack(0x000000a5fc900000,0x000000a5fca00000)]
  0x0000025bd75bf000 JavaThread "Service Thread" daemon [_thread_blocked, id=1088, stack(0x000000a5fc700000,0x000000a5fc800000)]
  0x0000025bd77f3000 JavaThread "C1 CompilerThread3" daemon [_thread_blocked, id=1100, stack(0x000000a5fc600000,0x000000a5fc700000)]
  0x0000025bd77f7000 JavaThread "C2 CompilerThread2" daemon [_thread_blocked, id=19436, stack(0x000000a5fc500000,0x000000a5fc600000)]
  0x0000025bd75e1000 JavaThread "C2 CompilerThread1" daemon [_thread_blocked, id=18864, stack(0x000000a5fc400000,0x000000a5fc500000)]
  0x0000025bd75e0000 JavaThread "C2 CompilerThread0" daemon [_thread_blocked, id=20212, stack(0x000000a5fc200000,0x000000a5fc300000)]
  0x0000025bd75e5800 JavaThread "*** Profiler Agent Special Execution Thread 10" daemon [_thread_blocked, id=2096, stack(0x000000a5fc300000,0x000000a5fc400000)]
  0x0000025bd7507000 JavaThread "*** Profiler Agent Special Execution Thread 6" daemon [_thread_blocked, id=18600, stack(0x000000a5fc100000,0x000000a5fc200000)]
  0x0000025bd7506800 JavaThread "*** JFluid Monitor thread ***" daemon [_thread_blocked, id=20176, stack(0x000000a5fc000000,0x000000a5fc100000)]
=>0x0000025bd5e3d800 JavaThread "*** Profiler Agent Communication Thread" daemon [_thread_in_vm, id=15604, stack(0x000000a5fbf00000,0x000000a5fc000000)]
  0x0000025bd5db7800 JavaThread "Attach Listener" daemon [_thread_blocked, id=19452, stack(0x000000a5fbe00000,0x000000a5fbf00000)]
  0x0000025bd5db6000 JavaThread "Signal Dispatcher" daemon [_thread_blocked, id=20028, stack(0x000000a5fbd00000,0x000000a5fbe00000)]
  0x0000025bd5d91800 JavaThread "Finalizer" daemon [_thread_blocked, id=6852, stack(0x000000a5fbc00000,0x000000a5fbd00000)]
  0x0000025bd5d8d000 JavaThread "Reference Handler" daemon [_thread_blocked, id=1496, stack(0x000000a5fbb00000,0x000000a5fbc00000)]
  0x0000025bbf099000 JavaThread "main" [_thread_blocked, id=18528, stack(0x000000a5fb100000,0x000000a5fb200000)]

Other Threads:
  0x0000025bd5d64000 VMThread [stack: 0x000000a5fba00000,0x000000a5fbb00000] [id=20916]
  0x0000025bd77e3000 WatcherThread [stack: 0x000000a5fc800000,0x000000a5fc900000] [id=12956]

VM state:synchronizing (normal execution)

VM Mutex/Monitor currently owned by a thread:  ([mutex/lock_event])
[0x0000025bbf0952e0] Threads_lock - owner thread: 0x0000025bd5d64000

heap address: 0x0000000080a00000, size: 2038 MB, Compressed Oops mode: 32-bit
Narrow klass base: 0x0000000000000000, Narrow klass shift: 3
Compressed class space size: 1073741824 Address: 0x0000000100000000

Heap:
 PSYoungGen      total 38400K, used 33254K [0x00000000d5900000, 0x00000000d8380000, 0x0000000100000000)
  eden space 33280K, 99% used [0x00000000d5900000,0x00000000d7979b28,0x00000000d7980000)
  from space 5120K, 0% used [0x00000000d7e80000,0x00000000d7e80000,0x00000000d8380000)
  to   space 5120K, 0% used [0x00000000d7980000,0x00000000d7980000,0x00000000d7e80000)
 ParOldGen       total 87552K, used 0K [0x0000000080a00000, 0x0000000085f80000, 0x00000000d5900000)
  object space 87552K, 0% used [0x0000000080a00000,0x0000000080a00000,0x0000000085f80000)
 Metaspace       used 13896K, capacity 14286K, committed 14592K, reserved 1062912K
  class space    used 1842K, capacity 1974K, committed 2048K, reserved 1048576K

Card table byte_map: [0x0000025bcfe40000,0x0000025bd0240000] byte_map_base: 0x0000025bcfa3b000

Marking Bits: (ParMarkBitMap*) 0x000000005f874fb0
 Begin Bits: [0x0000025bd04f0000, 0x0000025bd24c8000)
 End Bits:   [0x0000025bd24c8000, 0x0000025bd44a0000)

Polling page: 0x0000025bbf040000

CodeCache: size=245760Kb used=2976Kb max_used=2976Kb free=242783Kb
 bounds [0x0000025bc0a80000, 0x0000025bc0d70000, 0x0000025bcfa80000]
 total_blobs=1329 nmethods=770 adapters=472
 compilation: enabled

Compilation events (10 events):
Event: 2.196 Thread 0x0000025bd77f3000  761       3       com.sun.javafx.image.impl.ByteBgra$ToByteBgraPreConv::doConvert (214 bytes)
Event: 2.196 Thread 0x0000025bd77f3000 nmethod 761 0x0000025bc0d5a850 code [0x0000025bc0d5a9e0, 0x0000025bc0d5af38]
Event: 2.197 Thread 0x0000025bd75e0000  762 %     4       com.sun.javafx.image.impl.ByteBgra$ToByteBgraPreConv::doConvert @ 27 (214 bytes)
Event: 2.207 Thread 0x0000025bd75e0000 nmethod 762% 0x0000025bc0d66210 code [0x0000025bc0d66360, 0x0000025bc0d66998]
Event: 2.209 Thread 0x0000025bd77f3000  763 %     3       com.sun.javafx.image.impl.ByteBgra$ToByteBgraPreConv::doConvert @ 27 (214 bytes)
Event: 2.210 Thread 0x0000025bd77f3000 nmethod 763% 0x0000025bc0d654d0 code [0x0000025bc0d65660, 0x0000025bc0d65d38]
Event: 2.211 Thread 0x0000025bd75e1000  764 %     4       com.sun.javafx.image.impl.ByteBgra$ToByteBgraPreConv::doConvert @ 27 (214 bytes)
Event: 2.215 Thread 0x0000025bd77f3000  765       3       java.io.Bits::getInt (43 bytes)
Event: 2.215 Thread 0x0000025bd77f3000 nmethod 765 0x0000025bc0d5a3d0 code [0x0000025bc0d5a540, 0x0000025bc0d5a718]
Event: 2.215 Thread 0x0000025bd77f3000  767       3       java.io.ObjectInputStream$BlockDataInputStream::readInt (73 bytes)

GC Heap History (0 events):
No events

Deoptimization events (4 events):
Event: 2.108 Thread 0x0000025bd8212800 Uncommon trap: reason=unstable_if action=reinterpret pc=0x0000025bc0cdea1c method=java.util.HashMap.getNode(ILjava/lang/Object;)Ljava/util/HashMap$Node; @ 84
Event: 2.108 Thread 0x0000025bd8212800 Uncommon trap: reason=unstable_if action=reinterpret pc=0x0000025bc0ca281c method=java.util.HashMap.getNode(ILjava/lang/Object;)Ljava/util/HashMap$Node; @ 84
Event: 2.209 Thread 0x0000025bd77f0000 Uncommon trap: reason=unstable_if action=reinterpret pc=0x0000025bc0d66888 method=com.sun.javafx.image.impl.ByteBgra$ToByteBgraPreConv.doConvert([BII[BIIII)V @ 31
Event: 2.210 Thread 0x0000025bdd38e000 Uncommon trap: reason=unstable_if action=reinterpret pc=0x0000025bc0d66888 method=com.sun.javafx.image.impl.ByteBgra$ToByteBgraPreConv.doConvert([BII[BIIII)V @ 31

Classes redefined (0 events):
No events

Internal exceptions (10 events):
Event: 0.541 Thread 0x0000025bbf099000 Exception <a 'java/security/PrivilegedActionException'> (0x00000000d5d33110) thrown at [C:\jenkins\workspace\8-2-build-windows-amd64-cygwin\jdk8u261\295\hotspot\src\share\vm\prims\jvm.cpp, line 1512]
Event: 0.541 Thread 0x0000025bbf099000 Exception <a 'java/lang/ArrayIndexOutOfBoundsException': 22> (0x00000000d5d34208) thrown at [C:\jenkins\workspace\8-2-build-windows-amd64-cygwin\jdk8u261\295\hotspot\src\share\vm\interpreter\interpreterRuntime.cpp, line 368]
Event: 0.542 Thread 0x0000025bbf099000 Exception <a 'java/lang/ArrayIndexOutOfBoundsException': 160> (0x00000000d5d35df0) thrown at [C:\jenkins\workspace\8-2-build-windows-amd64-cygwin\jdk8u261\295\hotspot\src\share\vm\interpreter\interpreterRuntime.cpp, line 368]
Event: 0.542 Thread 0x0000025bbf099000 Exception <a 'java/lang/ArrayIndexOutOfBoundsException': 22> (0x00000000d5d38018) thrown at [C:\jenkins\workspace\8-2-build-windows-amd64-cygwin\jdk8u261\295\hotspot\src\share\vm\interpreter\interpreterRuntime.cpp, line 368]
Event: 0.542 Thread 0x0000025bbf099000 Exception <a 'java/lang/ArrayIndexOutOfBoundsException': 22> (0x00000000d5d39778) thrown at [C:\jenkins\workspace\8-2-build-windows-amd64-cygwin\jdk8u261\295\hotspot\src\share\vm\interpreter\interpreterRuntime.cpp, line 368]
Event: 0.543 Thread 0x0000025bbf099000 Exception <a 'java/lang/ArrayIndexOutOfBoundsException': 22> (0x00000000d5d3bed8) thrown at [C:\jenkins\workspace\8-2-build-windows-amd64-cygwin\jdk8u261\295\hotspot\src\share\vm\interpreter\interpreterRuntime.cpp, line 368]
Event: 0.702 Thread 0x0000025bd5e3d800 Exception <a 'java/lang/VerifyError': Stack map does not match the one at exception handler 21
Exception Details:
  Location:
    org/netbeans/lib/profiler/ConstructorTest.<init>()V @21: astore_1
  Reason:
    Current frame's flags are not assignable to s
Event: 1.483 Thread 0x0000025bbf099000 Exception <a 'java/lang/NullPointerException'> (0x00000000d61f7a50) thrown at [C:\jenkins\workspace\8-2-build-windows-amd64-cygwin\jdk8u261\295\hotspot\src\share\vm\interpreter\linkResolver.cpp, line 1185]
Event: 1.972 Thread 0x0000025bd8212800 Exception <a 'java/lang/NullPointerException'> (0x00000000d6b7fc18) thrown at [C:\jenkins\workspace\8-2-build-windows-amd64-cygwin\jdk8u261\295\hotspot\src\share\vm\interpreter\linkResolver.cpp, line 1185]
Event: 1.972 Thread 0x0000025bd8212800 Exception <a 'java/lang/NullPointerException'> (0x00000000d6b7fc18) thrown at [C:\jenkins\workspace\8-2-build-windows-amd64-cygwin\jdk8u261\295\hotspot\src\share\vm\prims\jvm.cpp, line 1516]

Events (10 events):
Event: 2.209 loading class com/sun/javafx/image/impl/ByteRgba done
Event: 2.210 Thread 0x0000025bdd38e000 Uncommon trap: trap_request=0xffffff65 fr.pc=0x0000025bc0d66888
Event: 2.210 Thread 0x0000025bdd38e000 DEOPT PACKING pc=0x0000025bc0d66888 sp=0x000000a5fd1fdf20
Event: 2.210 Thread 0x0000025bdd38e000 DEOPT UNPACKING pc=0x0000025bc0ac5843 sp=0x000000a5fd1fdee8 mode 2
Event: 2.210 loading class com/sun/javafx/image/impl/ByteRgba$Accessor
Event: 2.210 loading class com/sun/javafx/image/impl/ByteRgba$Accessor done
Event: 2.210 loading class com/sun/javafx/image/impl/BaseByteToByteConverter$FourByteReorderer
Event: 2.210 loading class com/sun/javafx/image/impl/BaseByteToByteConverter$FourByteReorderer done
Event: 2.215 loading class org/netbeans/lib/profiler/wireprotocol/GetMethodNamesForJMethodIdsCommand
Event: 2.215 loading class org/netbeans/lib/profiler/wireprotocol/GetMethodNamesForJMethodIdsCommand done


Dynamic libraries:
0x00007ff7ed150000 - 0x00007ff7ed197000 	C:\Program Files\Java\jdk1.8.0_261\jre\bin\java.exe
0x00007ffd3f480000 - 0x00007ffd3f670000 	C:\WINDOWS\SYSTEM32\ntdll.dll
0x00007ffd3dd70000 - 0x00007ffd3de22000 	C:\WINDOWS\System32\KERNEL32.DLL
0x00007ffd3c430000 - 0x00007ffd3c6d4000 	C:\WINDOWS\System32\KERNELBASE.dll
0x00007ffd3d530000 - 0x00007ffd3d5d3000 	C:\WINDOWS\System32\ADVAPI32.dll
0x00007ffd3de30000 - 0x00007ffd3dece000 	C:\WINDOWS\System32\msvcrt.dll
0x00007ffd3db30000 - 0x00007ffd3dbc7000 	C:\WINDOWS\System32\sechost.dll
0x00007ffd3d780000 - 0x00007ffd3d8a0000 	C:\WINDOWS\System32\RPCRT4.dll
0x00007ffd3ded0000 - 0x00007ffd3e064000 	C:\WINDOWS\System32\USER32.dll
0x00007ffd3c400000 - 0x00007ffd3c421000 	C:\WINDOWS\System32\win32u.dll
0x00007ffd3dd40000 - 0x00007ffd3dd66000 	C:\WINDOWS\System32\GDI32.dll
0x00007ffd3c910000 - 0x00007ffd3caa6000 	C:\WINDOWS\System32\gdi32full.dll
0x00007ffd3c870000 - 0x00007ffd3c90e000 	C:\WINDOWS\System32\msvcp_win.dll
0x00007ffd3d430000 - 0x00007ffd3d52a000 	C:\WINDOWS\System32\ucrtbase.dll
0x00007ffd31990000 - 0x00007ffd31c14000 	C:\WINDOWS\WinSxS\amd64_microsoft.windows.common-controls_6595b64144ccf1df_6.0.18362.959_none_e6c7bbbf130c62bb\COMCTL32.dll
0x00007ffd3eb40000 - 0x00007ffd3ee75000 	C:\WINDOWS\System32\combase.dll
0x00007ffd3c6e0000 - 0x00007ffd3c760000 	C:\WINDOWS\System32\bcryptPrimitives.dll
0x00007ffd3dbd0000 - 0x00007ffd3dbfe000 	C:\WINDOWS\System32\IMM32.DLL
0x00007ffd38fd0000 - 0x00007ffd38fe5000 	C:\Program Files\Java\jdk1.8.0_261\jre\bin\vcruntime140.dll
0x00007ffd2e6f0000 - 0x00007ffd2e78b000 	C:\Program Files\Java\jdk1.8.0_261\jre\bin\msvcp140.dll
0x000000005f080000 - 0x000000005f8ec000 	C:\Program Files\Java\jdk1.8.0_261\jre\bin\server\jvm.dll
0x00007ffd3d950000 - 0x00007ffd3d958000 	C:\WINDOWS\System32\PSAPI.DLL
0x00007ffd27dd0000 - 0x00007ffd27dd9000 	C:\WINDOWS\SYSTEM32\WSOCK32.dll
0x00007ffd386b0000 - 0x00007ffd386d4000 	C:\WINDOWS\SYSTEM32\WINMM.dll
0x00007ffd362c0000 - 0x00007ffd362ca000 	C:\WINDOWS\SYSTEM32\VERSION.dll
0x00007ffd3f370000 - 0x00007ffd3f3df000 	C:\WINDOWS\System32\WS2_32.dll
0x00007ffd38680000 - 0x00007ffd386ad000 	C:\WINDOWS\SYSTEM32\WINMMBASE.dll
0x00007ffd3cad0000 - 0x00007ffd3cb1a000 	C:\WINDOWS\System32\cfgmgr32.dll
0x00007ffd3c340000 - 0x00007ffd3c351000 	C:\WINDOWS\System32\kernel.appcore.dll
0x00007ffd38fc0000 - 0x00007ffd38fd0000 	C:\Program Files\Java\jdk1.8.0_261\jre\bin\verify.dll
0x00007ffd37c70000 - 0x00007ffd37c9b000 	C:\Program Files\Java\jdk1.8.0_261\jre\bin\java.dll
0x00007ffd37ea0000 - 0x00007ffd37eaf000 	C:\Program Files\NetBeans-12.0\netbeans\profiler\lib\deployed\jdk16\windows-amd64\profilerinterface.dll
0x00007ffd39020000 - 0x00007ffd39038000 	C:\Program Files\Java\jdk1.8.0_261\jre\bin\zip.dll
0x00007ffd3e310000 - 0x00007ffd3e9f6000 	C:\WINDOWS\System32\SHELL32.dll
0x00007ffd3d5e0000 - 0x00007ffd3d689000 	C:\WINDOWS\System32\shcore.dll
0x00007ffd3cb20000 - 0x00007ffd3d2a2000 	C:\WINDOWS\System32\windows.storage.dll
0x00007ffd3c360000 - 0x00007ffd3c383000 	C:\WINDOWS\System32\profapi.dll
0x00007ffd3c390000 - 0x00007ffd3c3da000 	C:\WINDOWS\System32\powrprof.dll
0x00007ffd3c330000 - 0x00007ffd3c340000 	C:\WINDOWS\System32\UMPDC.dll
0x00007ffd3dc00000 - 0x00007ffd3dc52000 	C:\WINDOWS\System32\shlwapi.dll
0x00007ffd3cab0000 - 0x00007ffd3cac7000 	C:\WINDOWS\System32\cryptsp.dll
0x00007ffd39000000 - 0x00007ffd3901c000 	C:\Program Files\Java\jdk1.8.0_261\jre\bin\net.dll
0x00007ffd3bba0000 - 0x00007ffd3bc07000 	C:\WINDOWS\system32\mswsock.dll
0x00007ffd39050000 - 0x00007ffd3905d000 	C:\Program Files\Java\jdk1.8.0_261\jre\bin\management.dll
0x00007ffd38f80000 - 0x00007ffd38f93000 	C:\Program Files\Java\jdk1.8.0_261\jre\bin\nio.dll
0x00007ffd3b710000 - 0x00007ffd3b743000 	C:\WINDOWS\system32\rsaenh.dll
0x00007ffd3d2b0000 - 0x00007ffd3d2d6000 	C:\WINDOWS\System32\bcrypt.dll
0x00007ffd3c250000 - 0x00007ffd3c275000 	C:\WINDOWS\SYSTEM32\USERENV.dll
0x00007ffd3bd70000 - 0x00007ffd3bd7c000 	C:\WINDOWS\SYSTEM32\CRYPTBASE.dll
0x00007ffd3b8b0000 - 0x00007ffd3b8ea000 	C:\WINDOWS\SYSTEM32\IPHLPAPI.DLL
0x00007ffd3d690000 - 0x00007ffd3d698000 	C:\WINDOWS\System32\NSI.dll
0x00007ffd34190000 - 0x00007ffd341a6000 	C:\WINDOWS\SYSTEM32\dhcpcsvc6.DLL
0x00007ffd345e0000 - 0x00007ffd345fc000 	C:\WINDOWS\SYSTEM32\dhcpcsvc.DLL
0x00007ffd3b8f0000 - 0x00007ffd3b9bb000 	C:\WINDOWS\SYSTEM32\DNSAPI.dll
0x0000025bbf280000 - 0x0000025bbf283000 	C:\Program Files\Java\jdk1.8.0_261\jre\bin\api-ms-win-core-console-l1-1-0.dll
0x0000025bbf290000 - 0x0000025bbf293000 	C:\Program Files\Java\jdk1.8.0_261\jre\bin\api-ms-win-core-datetime-l1-1-0.dll
0x0000025bbf2a0000 - 0x0000025bbf2a3000 	C:\Program Files\Java\jdk1.8.0_261\jre\bin\api-ms-win-core-debug-l1-1-0.dll
0x0000025bbf2b0000 - 0x0000025bbf2b3000 	C:\Program Files\Java\jdk1.8.0_261\jre\bin\api-ms-win-core-errorhandling-l1-1-0.dll
0x0000025bbf2c0000 - 0x0000025bbf2c4000 	C:\Program Files\Java\jdk1.8.0_261\jre\bin\api-ms-win-core-file-l1-1-0.dll
0x0000025bd88d0000 - 0x0000025bd88d3000 	C:\Program Files\Java\jdk1.8.0_261\jre\bin\api-ms-win-core-file-l1-2-0.dll
0x0000025bd88e0000 - 0x0000025bd88e3000 	C:\Program Files\Java\jdk1.8.0_261\jre\bin\api-ms-win-core-file-l2-1-0.dll
0x0000025bd88f0000 - 0x0000025bd88f3000 	C:\Program Files\Java\jdk1.8.0_261\jre\bin\api-ms-win-core-handle-l1-1-0.dll
0x0000025bd8900000 - 0x0000025bd8903000 	C:\Program Files\Java\jdk1.8.0_261\jre\bin\api-ms-win-core-heap-l1-1-0.dll
0x0000025bd8910000 - 0x0000025bd8913000 	C:\Program Files\Java\jdk1.8.0_261\jre\bin\api-ms-win-core-interlocked-l1-1-0.dll
0x0000025bd8920000 - 0x0000025bd8923000 	C:\Program Files\Java\jdk1.8.0_261\jre\bin\api-ms-win-core-libraryloader-l1-1-0.dll
0x0000025bd8930000 - 0x0000025bd8933000 	C:\Program Files\Java\jdk1.8.0_261\jre\bin\api-ms-win-core-localization-l1-2-0.dll
0x0000025bd8940000 - 0x0000025bd8943000 	C:\Program Files\Java\jdk1.8.0_261\jre\bin\api-ms-win-core-memory-l1-1-0.dll
0x0000025bd8950000 - 0x0000025bd8953000 	C:\Program Files\Java\jdk1.8.0_261\jre\bin\api-ms-win-core-namedpipe-l1-1-0.dll
0x0000025bd8960000 - 0x0000025bd8963000 	C:\Program Files\Java\jdk1.8.0_261\jre\bin\api-ms-win-core-processenvironment-l1-1-0.dll
0x0000025bd8970000 - 0x0000025bd8973000 	C:\Program Files\Java\jdk1.8.0_261\jre\bin\api-ms-win-core-processthreads-l1-1-0.dll
0x0000025bd8980000 - 0x0000025bd8983000 	C:\Program Files\Java\jdk1.8.0_261\jre\bin\api-ms-win-core-processthreads-l1-1-1.dll
0x0000025bd8990000 - 0x0000025bd8993000 	C:\Program Files\Java\jdk1.8.0_261\jre\bin\api-ms-win-core-profile-l1-1-0.dll
0x0000025bd89a0000 - 0x0000025bd89a3000 	C:\Program Files\Java\jdk1.8.0_261\jre\bin\api-ms-win-core-rtlsupport-l1-1-0.dll
0x0000025bd89b0000 - 0x0000025bd89b3000 	C:\Program Files\Java\jdk1.8.0_261\jre\bin\api-ms-win-core-string-l1-1-0.dll
0x0000025bd89c0000 - 0x0000025bd89c3000 	C:\Program Files\Java\jdk1.8.0_261\jre\bin\api-ms-win-core-synch-l1-1-0.dll
0x0000025bd89d0000 - 0x0000025bd89d3000 	C:\Program Files\Java\jdk1.8.0_261\jre\bin\api-ms-win-core-synch-l1-2-0.dll
0x0000025bd89e0000 - 0x0000025bd89e3000 	C:\Program Files\Java\jdk1.8.0_261\jre\bin\api-ms-win-core-sysinfo-l1-1-0.dll
0x0000025bd89f0000 - 0x0000025bd89f3000 	C:\Program Files\Java\jdk1.8.0_261\jre\bin\api-ms-win-core-timezone-l1-1-0.dll
0x0000025bd8a00000 - 0x0000025bd8a03000 	C:\Program Files\Java\jdk1.8.0_261\jre\bin\api-ms-win-core-util-l1-1-0.dll
0x0000025bd8a10000 - 0x0000025bd8a13000 	C:\Program Files\Java\jdk1.8.0_261\jre\bin\api-ms-win-crt-conio-l1-1-0.dll
0x0000025bd8a20000 - 0x0000025bd8a24000 	C:\Program Files\Java\jdk1.8.0_261\jre\bin\api-ms-win-crt-convert-l1-1-0.dll
0x0000025bd8a30000 - 0x0000025bd8a33000 	C:\Program Files\Java\jdk1.8.0_261\jre\bin\api-ms-win-crt-environment-l1-1-0.dll
0x0000025bd8a40000 - 0x0000025bd8a43000 	C:\Program Files\Java\jdk1.8.0_261\jre\bin\api-ms-win-crt-filesystem-l1-1-0.dll
0x0000025bd8a50000 - 0x0000025bd8a53000 	C:\Program Files\Java\jdk1.8.0_261\jre\bin\api-ms-win-crt-heap-l1-1-0.dll
0x0000025bd8a60000 - 0x0000025bd8a63000 	C:\Program Files\Java\jdk1.8.0_261\jre\bin\api-ms-win-crt-locale-l1-1-0.dll
0x0000025bd8a70000 - 0x0000025bd8a75000 	C:\Program Files\Java\jdk1.8.0_261\jre\bin\api-ms-win-crt-math-l1-1-0.dll
0x0000025bd8a80000 - 0x0000025bd8a85000 	C:\Program Files\Java\jdk1.8.0_261\jre\bin\api-ms-win-crt-multibyte-l1-1-0.dll
0x0000025bd8a90000 - 0x0000025bd8aa0000 	C:\Program Files\Java\jdk1.8.0_261\jre\bin\api-ms-win-crt-private-l1-1-0.dll
0x0000025bd8aa0000 - 0x0000025bd8aa3000 	C:\Program Files\Java\jdk1.8.0_261\jre\bin\api-ms-win-crt-process-l1-1-0.dll
0x0000025bd8ab0000 - 0x0000025bd8ab4000 	C:\Program Files\Java\jdk1.8.0_261\jre\bin\api-ms-win-crt-runtime-l1-1-0.dll
0x0000025bd8ac0000 - 0x0000025bd8ac4000 	C:\Program Files\Java\jdk1.8.0_261\jre\bin\api-ms-win-crt-stdio-l1-1-0.dll
0x0000025bd8ad0000 - 0x0000025bd8ad4000 	C:\Program Files\Java\jdk1.8.0_261\jre\bin\api-ms-win-crt-string-l1-1-0.dll
0x0000025bd8ae0000 - 0x0000025bd8ae3000 	C:\Program Files\Java\jdk1.8.0_261\jre\bin\api-ms-win-crt-time-l1-1-0.dll
0x0000025bd8af0000 - 0x0000025bd8af3000 	C:\Program Files\Java\jdk1.8.0_261\jre\bin\api-ms-win-crt-utility-l1-1-0.dll
0x00007ffd06370000 - 0x00007ffd0646c000 	C:\Program Files\Java\jdk1.8.0_261\jre\bin\ucrtbase.dll
0x00007ffd1a6e0000 - 0x00007ffd1a731000 	C:\Program Files\Java\jdk1.8.0_261\jre\bin\concrt140.dll
0x00007ffd1a8f0000 - 0x00007ffd1a913000 	C:\Program Files\Java\jdk1.8.0_261\jre\bin\prism_d3d.dll
0x00007ffd301a0000 - 0x00007ffd30367000 	C:\WINDOWS\system32\d3d9.dll
0x00007ffd3a9e0000 - 0x00007ffd3aa0d000 	C:\WINDOWS\SYSTEM32\dwmapi.dll
0x00007ffd3af80000 - 0x00007ffd3afa0000 	C:\WINDOWS\SYSTEM32\dxcore.dll
0x00007ffd3a5e0000 - 0x00007ffd3a679000 	C:\WINDOWS\system32\uxtheme.dll
0x00007ffd33010000 - 0x00007ffd330fe000 	C:\WINDOWS\System32\DriverStore\FileRepository\nvami.inf_amd64_a3d5bcc37ff12fed\nvldumdx.dll
0x00007ffd3d2e0000 - 0x00007ffd3d429000 	C:\WINDOWS\System32\crypt32.dll
0x00007ffd3c3e0000 - 0x00007ffd3c3f2000 	C:\WINDOWS\System32\MSASN1.dll
0x00007ffd3c760000 - 0x00007ffd3c7bc000 	C:\WINDOWS\System32\WINTRUST.DLL
0x00007ffd3e140000 - 0x00007ffd3e15d000 	C:\WINDOWS\System32\imagehlp.dll
0x00007ffcdf370000 - 0x00007ffce0730000 	C:\WINDOWS\System32\DriverStore\FileRepository\nvami.inf_amd64_a3d5bcc37ff12fed\nvd3dumx.dll
0x00007ffd17a20000 - 0x00007ffd17a65000 	C:\Program Files\Java\jdk1.8.0_261\jre\bin\glass.dll
0x00007ffd3e070000 - 0x00007ffd3e140000 	C:\WINDOWS\System32\COMDLG32.dll
0x00007ffd3d9d0000 - 0x00007ffd3db27000 	C:\WINDOWS\System32\ole32.dll
0x00007ffd3dc60000 - 0x00007ffd3dd25000 	C:\WINDOWS\System32\OLEAUT32.dll
0x00007ffd3ea00000 - 0x00007ffd3eb35000 	C:\WINDOWS\System32\MSCTF.dll
0x00007ffd2eb00000 - 0x00007ffd2ebc4000 	C:\Program Files (x86)\NVIDIA Corporation\3D Vision\nvSCPAPI64.dll
0x00007ffd3ee80000 - 0x00007ffd3f2f0000 	C:\WINDOWS\System32\SETUPAPI.dll
0x00007ffd0f7b0000 - 0x00007ffd0fa5e000 	C:\WINDOWS\system32\nvspcap64.dll
0x00007ffd3b370000 - 0x00007ffd3b3a1000 	C:\WINDOWS\SYSTEM32\ntmarta.dll
0x00007ffd3af30000 - 0x00007ffd3af52000 	C:\WINDOWS\SYSTEM32\gpapi.dll
0x00007ffd34560000 - 0x00007ffd3458f000 	C:\WINDOWS\SYSTEM32\cryptnet.dll
0x00007ffd1b7b0000 - 0x00007ffd1b7c4000 	C:\Program Files\Java\jdk1.8.0_261\jre\bin\javafx_font.dll
0x00007ffd14d20000 - 0x00007ffd1501e000 	C:\WINDOWS\SYSTEM32\dwrite.dll
0x00007ffd3d8a0000 - 0x00007ffd3d942000 	C:\WINDOWS\System32\clbcatq.dll
0x00007ffd365e0000 - 0x00007ffd3678f000 	C:\WINDOWS\SYSTEM32\WindowsCodecs.dll
0x00007ffd14a20000 - 0x00007ffd14a5a000 	C:\WINDOWS\system32\dataexchange.dll
0x00007ffd39680000 - 0x00007ffd398db000 	C:\WINDOWS\system32\d3d11.dll
0x00007ffd39d40000 - 0x00007ffd39f1d000 	C:\WINDOWS\system32\dcomp.dll
0x00007ffd3b010000 - 0x00007ffd3b0fb000 	C:\WINDOWS\system32\dxgi.dll
0x00007ffd3a750000 - 0x00007ffd3a9b2000 	C:\WINDOWS\system32\twinapi.appcore.dll
0x00007ffd3ac70000 - 0x00007ffd3ac99000 	C:\WINDOWS\system32\RMCLIENT.dll

VM Arguments:
jvm_args: -Dfile.encoding=UTF-8 -agentpath:C:/Program Files/NetBeans-12.0/netbeans/profiler/lib/deployed/jdk16/windows-amd64/profilerinterface.dll=C:\Program Files\NetBeans-12.0\netbeans\profiler\lib,5140,10 -XX:+HeapDumpOnOutOfMemoryError -XX:HeapDumpPath=C:\Users\courtney\Documents\NetBeansProjects\InvinciBagel\nbproject\private\profiler 
java_command: C:\Users\courtney\Documents\NetBeansProjects\InvinciBagel\dist\run359532716\InvinciBagel.jar
java_class_path (initial): C:\Users\courtney\Documents\NetBeansProjects\InvinciBagel\dist\run359532716\InvinciBagel.jar
Launcher Type: SUN_STANDARD

Environment Variables:
PATH=C:\Program Files (x86)\Common Files\Oracle\Java\javapath;C:\ProgramData\Oracle\Java\javapath;C:\Program Files (x86)\Intel\iCLS Client\;C:\Program Files\Intel\iCLS Client\;C:\Program Files\Common Files\Microsoft Shared\Windows Live;C:\Program Files (x86)\Common Files\Microsoft Shared\Windows Live;C:\Windows\system32;C:\Windows;C:\Windows\System32\Wbem;C:\Windows\System32\WindowsPowerShell\v1.0\;C:\Program Files (x86)\Windows Live\Shared;C:\Program Files\Intel\Intel(R) Management Engine Components\DAL;C:\Program Files\Intel\Intel(R) Management Engine Components\IPT;C:\Program Files (x86)\Intel\Intel(R) Management Engine Components\DAL;C:\Program Files (x86)\Intel\Intel(R) Management Engine Components\IPT;C:\Program Files\Intel\WiFi\bin\;C:\Program Files\Common Files\Intel\WirelessCommon\;C:\Program Files (x86)\NVIDIA Corporation\PhysX\Common;C:\WINDOWS\system32;C:\WINDOWS;C:\WINDOWS\System32\Wbem;C:\WINDOWS\System32\WindowsPowerShell\v1.0\;C:\WINDOWS\System32\OpenSSH\;C:\Program Files\Microsoft VS Code\bin;C:\Program Files\Git\cmd;C:\Program Files\NVIDIA Corporation\NVIDIA NvDLISR;C:\WINDOWS\system32;C:\WINDOWS;C:\WINDOWS\System32\Wbem;C:\WINDOWS\System32\WindowsPowerShell\v1.0\;C:\WINDOWS\System32\OpenSSH\;C:\Users\courtney\AppData\Local\Microsoft\WindowsApps;;C:\Users\courtney\AppData\Local\Programs\Microsoft VS Code\bin
USERNAME=courtney
OS=Windows_NT
PROCESSOR_IDENTIFIER=Intel64 Family 6 Model 58 Stepping 9, GenuineIntel



---------------  S Y S T E M  ---------------

OS: Windows 10.0 , 64 bit Build 18362 (10.0.18362.959)

CPU:total 8 (initial active 8) (4 cores per cpu, 2 threads per core) family 6 model 58 stepping 9, cmov, cx8, fxsr, mmx, sse, sse2, sse3, ssse3, sse4.1, sse4.2, popcnt, avx, aes, clmul, erms, ht, tsc, tscinvbit, tscinv

Memory: 4k page, physical 8341184k(998328k free), swap 15776348k(1326628k free)

vm_info: Java HotSpot(TM) 64-Bit Server VM (25.261-b12) for windows-amd64 JRE (1.8.0_261-b12), built on Jun 18 2020 06:56:32 by "" with unknown MS VC++:1916

time: Wed Jul 29 21:14:54 2020
timezone: Eastern Daylight Time
elapsed time: 2 seconds (0d 0h 0m 2s)

